------------------------------------

Log Entrada 16:06:50 segunda-feira, 20 de fevereiro de 2023
Inicia leitura do arquivo
------------------------------------

Log Entrada 16:06:50 segunda-feira, 20 de fevereiro de 2023
Divergência: Erro na Saída. Linha: 3
------------------------------------

Log Entrada 16:06:50 segunda-feira, 20 de fevereiro de 2023
Divergência: Erro na Saída. Linha: 3
------------------------------------

Log Entrada 16:06:50 segunda-feira, 20 de fevereiro de 2023
Divergência: Erro na Entrada. Linha: 4
------------------------------------

Log Entrada 16:06:50 segunda-feira, 20 de fevereiro de 2023
Divergência: Erro na Saída. Linha: 5
------------------------------------

Log Entrada 16:06:50 segunda-feira, 20 de fevereiro de 2023
Divergência: Erro na Saída. Linha: 7
------------------------------------

Log Entrada 16:06:50 segunda-feira, 20 de fevereiro de 2023
Divergência: Erro na Saída. Linha: 7
------------------------------------

Log Entrada 16:06:50 segunda-feira, 20 de fevereiro de 2023
Divergência: Erro na Entrada. Linha: 8
------------------------------------

Log Entrada 16:06:50 segunda-feira, 20 de fevereiro de 2023
Divergência: Erro na Saída. Linha: 9
------------------------------------

Log Entrada 16:06:50 segunda-feira, 20 de fevereiro de 2023
Divergência: Erro na Saída. Linha: 11
------------------------------------

Log Entrada 16:06:50 segunda-feira, 20 de fevereiro de 2023
Divergência: Erro na Saída. Linha: 11
------------------------------------

Log Entrada 16:06:50 segunda-feira, 20 de fevereiro de 2023
Divergência: Erro na Entrada. Linha: 12
------------------------------------

Log Entrada 16:06:50 segunda-feira, 20 de fevereiro de 2023
Divergência: Erro na Saída. Linha: 13
------------------------------------

Log Entrada 16:06:50 segunda-feira, 20 de fevereiro de 2023
Divergência: Erro na Saída. Linha: 15
------------------------------------

Log Entrada 16:06:50 segunda-feira, 20 de fevereiro de 2023
Divergência: Erro na Saída. Linha: 15
------------------------------------

Log Entrada 16:06:50 segunda-feira, 20 de fevereiro de 2023
Divergência: Erro na Entrada. Linha: 16
------------------------------------

Log Entrada 16:06:50 segunda-feira, 20 de fevereiro de 2023
Divergência: Erro na Saída. Linha: 17
------------------------------------

Log Entrada 16:06:50 segunda-feira, 20 de fevereiro de 2023
Divergência: Erro na Saída. Linha: 19
------------------------------------

Log Entrada 16:06:50 segunda-feira, 20 de fevereiro de 2023
Divergência: Erro na Saída. Linha: 19
------------------------------------

Log Entrada 16:06:50 segunda-feira, 20 de fevereiro de 2023
Divergência: Erro na Entrada. Linha: 20
------------------------------------

Log Entrada 16:06:50 segunda-feira, 20 de fevereiro de 2023
Divergência: Erro na Saída. Linha: 21
------------------------------------

Log Entrada 16:06:50 segunda-feira, 20 de fevereiro de 2023
Divergência: Erro na Saída. Linha: 23
------------------------------------

Log Entrada 16:06:50 segunda-feira, 20 de fevereiro de 2023
Divergência: Erro na Saída. Linha: 23
------------------------------------

Log Entrada 16:06:50 segunda-feira, 20 de fevereiro de 2023
Divergência: Erro na Entrada. Linha: 24
------------------------------------

Log Entrada 16:06:50 segunda-feira, 20 de fevereiro de 2023
Divergência: Erro na Saída. Linha: 25
------------------------------------

Log Entrada 16:06:50 segunda-feira, 20 de fevereiro de 2023
Divergência: Erro na Saída. Linha: 27
------------------------------------

Log Entrada 16:06:50 segunda-feira, 20 de fevereiro de 2023
Divergência: Erro na Saída. Linha: 27
------------------------------------

Log Entrada 16:06:50 segunda-feira, 20 de fevereiro de 2023
Divergência: Erro na Entrada. Linha: 28
------------------------------------

Log Entrada 16:06:50 segunda-feira, 20 de fevereiro de 2023
Divergência: Erro na Saída. Linha: 29
------------------------------------

Log Entrada 16:06:50 segunda-feira, 20 de fevereiro de 2023
Divergência: Erro na Saída. Linha: 31
------------------------------------

Log Entrada 16:06:50 segunda-feira, 20 de fevereiro de 2023
Divergência: Erro na Saída. Linha: 31
------------------------------------

Log Entrada 16:06:50 segunda-feira, 20 de fevereiro de 2023
Divergência: Erro na Entrada. Linha: 32
------------------------------------

Log Entrada 16:06:50 segunda-feira, 20 de fevereiro de 2023
Divergência: Erro na Saída. Linha: 33
------------------------------------

Log Entrada 16:06:50 segunda-feira, 20 de fevereiro de 2023
Divergência: Erro na Saída. Linha: 35
------------------------------------

Log Entrada 16:06:50 segunda-feira, 20 de fevereiro de 2023
Divergência: Erro na Saída. Linha: 35
------------------------------------

Log Entrada 16:06:50 segunda-feira, 20 de fevereiro de 2023
Divergência: Erro na Entrada. Linha: 36
------------------------------------

Log Entrada 16:06:50 segunda-feira, 20 de fevereiro de 2023
Divergência: Erro na Saída. Linha: 37
------------------------------------

Log Entrada 16:06:50 segunda-feira, 20 de fevereiro de 2023
Divergência: Erro na Saída. Linha: 39
------------------------------------

Log Entrada 16:06:50 segunda-feira, 20 de fevereiro de 2023
Divergência: Erro na Saída. Linha: 39
------------------------------------

Log Entrada 16:06:50 segunda-feira, 20 de fevereiro de 2023
Divergência: Erro na Entrada. Linha: 40
------------------------------------

Log Entrada 16:06:50 segunda-feira, 20 de fevereiro de 2023
Divergência: Erro na Saída. Linha: 41
------------------------------------

Log Entrada 16:06:50 segunda-feira, 20 de fevereiro de 2023
Divergência: Erro na Saída. Linha: 43
------------------------------------

Log Entrada 16:06:50 segunda-feira, 20 de fevereiro de 2023
Divergência: Erro na Saída. Linha: 43
------------------------------------

Log Entrada 16:06:50 segunda-feira, 20 de fevereiro de 2023
Divergência: Erro na Entrada. Linha: 44
------------------------------------

Log Entrada 16:06:50 segunda-feira, 20 de fevereiro de 2023
Divergência: Erro na Saída. Linha: 45
------------------------------------

Log Entrada 16:06:50 segunda-feira, 20 de fevereiro de 2023
Divergência: Erro na Saída. Linha: 47
------------------------------------

Log Entrada 16:06:50 segunda-feira, 20 de fevereiro de 2023
Divergência: Erro na Saída. Linha: 47
------------------------------------

Log Entrada 16:06:50 segunda-feira, 20 de fevereiro de 2023
Divergência: Erro na Entrada. Linha: 48
------------------------------------

Log Entrada 16:06:50 segunda-feira, 20 de fevereiro de 2023
Divergência: Erro na Saída. Linha: 49
------------------------------------

Log Entrada 16:06:50 segunda-feira, 20 de fevereiro de 2023
Divergência: Erro na Saída. Linha: 51
------------------------------------

Log Entrada 16:06:50 segunda-feira, 20 de fevereiro de 2023
Divergência: Erro na Saída. Linha: 51
------------------------------------

Log Entrada 16:06:50 segunda-feira, 20 de fevereiro de 2023
Divergência: Erro na Entrada. Linha: 52
------------------------------------

Log Entrada 16:06:50 segunda-feira, 20 de fevereiro de 2023
Divergência: Erro na Saída. Linha: 53
------------------------------------

Log Entrada 16:06:50 segunda-feira, 20 de fevereiro de 2023
Divergência: Erro na Saída. Linha: 55
------------------------------------

Log Entrada 16:06:50 segunda-feira, 20 de fevereiro de 2023
Divergência: Erro na Saída. Linha: 55
------------------------------------

Log Entrada 16:06:50 segunda-feira, 20 de fevereiro de 2023
Divergência: Erro na Entrada. Linha: 56
------------------------------------

Log Entrada 16:06:50 segunda-feira, 20 de fevereiro de 2023
Divergência: Erro na Saída. Linha: 57
------------------------------------

Log Entrada 16:06:50 segunda-feira, 20 de fevereiro de 2023
Divergência: Erro na Saída. Linha: 59
------------------------------------

Log Entrada 16:06:50 segunda-feira, 20 de fevereiro de 2023
Divergência: Erro na Saída. Linha: 59
------------------------------------

Log Entrada 16:06:50 segunda-feira, 20 de fevereiro de 2023
Divergência: Erro na Entrada. Linha: 60
------------------------------------

Log Entrada 16:06:50 segunda-feira, 20 de fevereiro de 2023
Divergência: Erro na Saída. Linha: 61
------------------------------------

Log Entrada 16:06:50 segunda-feira, 20 de fevereiro de 2023
Divergência: Erro na Saída. Linha: 63
------------------------------------

Log Entrada 16:06:50 segunda-feira, 20 de fevereiro de 2023
Divergência: Erro na Saída. Linha: 63
------------------------------------

Log Entrada 16:06:50 segunda-feira, 20 de fevereiro de 2023
Divergência: Erro na Entrada. Linha: 64
------------------------------------

Log Entrada 16:06:50 segunda-feira, 20 de fevereiro de 2023
Divergência: Erro na Saída. Linha: 65
------------------------------------

Log Entrada 16:06:50 segunda-feira, 20 de fevereiro de 2023
Divergência: Erro na Saída. Linha: 67
------------------------------------

Log Entrada 16:06:50 segunda-feira, 20 de fevereiro de 2023
Divergência: Erro na Saída. Linha: 67
------------------------------------

Log Entrada 16:06:50 segunda-feira, 20 de fevereiro de 2023
Divergência: Erro na Saída. Linha: 68
------------------------------------

Log Entrada 16:06:50 segunda-feira, 20 de fevereiro de 2023
Divergência: Erro na Saída. Linha: 72
------------------------------------

Log Entrada 16:06:50 segunda-feira, 20 de fevereiro de 2023
Divergência: Erro na Saída. Linha: 72
------------------------------------

Log Entrada 16:06:50 segunda-feira, 20 de fevereiro de 2023
Divergência: Erro na Entrada. Linha: 73
------------------------------------

Log Entrada 16:06:50 segunda-feira, 20 de fevereiro de 2023
Divergência: Erro na Saída. Linha: 74
------------------------------------

Log Entrada 16:06:50 segunda-feira, 20 de fevereiro de 2023
Divergência: Erro na Saída. Linha: 76
------------------------------------

Log Entrada 16:06:50 segunda-feira, 20 de fevereiro de 2023
Divergência: Erro na Saída. Linha: 76
------------------------------------

Log Entrada 16:06:50 segunda-feira, 20 de fevereiro de 2023
Divergência: Erro na Entrada. Linha: 77
------------------------------------

Log Entrada 16:06:50 segunda-feira, 20 de fevereiro de 2023
Divergência: Erro na Saída. Linha: 78
------------------------------------

Log Entrada 16:06:50 segunda-feira, 20 de fevereiro de 2023
Divergência: Erro na Saída. Linha: 80
------------------------------------

Log Entrada 16:06:50 segunda-feira, 20 de fevereiro de 2023
Divergência: Erro na Saída. Linha: 80
------------------------------------

Log Entrada 16:06:50 segunda-feira, 20 de fevereiro de 2023
Divergência: Erro na Entrada. Linha: 81
------------------------------------

Log Entrada 16:06:50 segunda-feira, 20 de fevereiro de 2023
Divergência: Erro na Saída. Linha: 82
------------------------------------

Log Entrada 16:06:50 segunda-feira, 20 de fevereiro de 2023
Divergência: Erro na Saída. Linha: 84
------------------------------------

Log Entrada 16:06:50 segunda-feira, 20 de fevereiro de 2023
Divergência: Erro na Saída. Linha: 84
------------------------------------

Log Entrada 16:06:50 segunda-feira, 20 de fevereiro de 2023
Divergência: Erro na Entrada. Linha: 85
------------------------------------

Log Entrada 16:06:50 segunda-feira, 20 de fevereiro de 2023
Divergência: Erro na Saída. Linha: 86
------------------------------------

Log Entrada 16:06:50 segunda-feira, 20 de fevereiro de 2023
Divergência: Erro na Saída. Linha: 88
------------------------------------

Log Entrada 16:06:50 segunda-feira, 20 de fevereiro de 2023
Divergência: Erro na Saída. Linha: 88
------------------------------------

Log Entrada 16:06:50 segunda-feira, 20 de fevereiro de 2023
Divergência: Erro na Entrada. Linha: 89
------------------------------------

Log Entrada 16:06:50 segunda-feira, 20 de fevereiro de 2023
Divergência: Erro na Saída. Linha: 90
------------------------------------

Log Entrada 16:06:50 segunda-feira, 20 de fevereiro de 2023
Divergência: Erro na Saída. Linha: 92
------------------------------------

Log Entrada 16:06:50 segunda-feira, 20 de fevereiro de 2023
Divergência: Erro na Saída. Linha: 92
------------------------------------

Log Entrada 16:06:50 segunda-feira, 20 de fevereiro de 2023
Divergência: Erro na Entrada. Linha: 93
------------------------------------

Log Entrada 16:06:50 segunda-feira, 20 de fevereiro de 2023
Divergência: Erro na Saída. Linha: 94
------------------------------------

Log Entrada 16:06:50 segunda-feira, 20 de fevereiro de 2023
Divergência: Erro na Saída. Linha: 96
------------------------------------

Log Entrada 16:06:50 segunda-feira, 20 de fevereiro de 2023
Divergência: Erro na Saída. Linha: 96
------------------------------------

Log Entrada 16:06:50 segunda-feira, 20 de fevereiro de 2023
Divergência: Erro na Entrada. Linha: 97
------------------------------------

Log Entrada 16:06:50 segunda-feira, 20 de fevereiro de 2023
Divergência: Erro na Saída. Linha: 98
------------------------------------

Log Entrada 16:06:50 segunda-feira, 20 de fevereiro de 2023
Divergência: Erro na Saída. Linha: 100
------------------------------------

Log Entrada 16:06:50 segunda-feira, 20 de fevereiro de 2023
Divergência: Erro na Saída. Linha: 100
------------------------------------

Log Entrada 16:06:50 segunda-feira, 20 de fevereiro de 2023
Divergência: Erro na Entrada. Linha: 101
------------------------------------

Log Entrada 16:06:50 segunda-feira, 20 de fevereiro de 2023
Divergência: Erro na Saída. Linha: 102
------------------------------------

Log Entrada 16:06:50 segunda-feira, 20 de fevereiro de 2023
Divergência: Erro na Saída. Linha: 102
